info: 2025-03-25 05:37:08: 		接收查询参数: {
  "page": 1,
  "pageSize": 10
}
info: 2025-03-25 05:37:08: 		用户ID: d31bdb13-047a-4ee1-bc9d-8dead72bac41
info: 2025-03-25 05:37:08: 		接收查询参数: {
  "page": 1,
  "pageSize": 10
}
info: 2025-03-25 05:37:08: 		用户ID: d31bdb13-047a-4ee1-bc9d-8dead72bac41
info: 2025-03-25 08:15:49: 		接收查询参数: {
  "page": 1,
  "pageSize": 10
}
info: 2025-03-25 08:15:49: 		用户ID: d31bdb13-047a-4ee1-bc9d-8dead72bac41
info: 2025-03-25 08:15:49: 		接收查询参数: {
  "page": 1,
  "pageSize": 10
}
info: 2025-03-25 08:15:49: 		用户ID: d31bdb13-047a-4ee1-bc9d-8dead72bac41
info: 2025-03-25 08:19:29: 		接收查询参数: {
  "page": 1,
  "pageSize": 10
}
info: 2025-03-25 08:19:29: 		用户ID: d31bdb13-047a-4ee1-bc9d-8dead72bac41
info: 2025-03-25 08:19:29: 		接收查询参数: {
  "page": 1,
  "pageSize": 10
}
info: 2025-03-25 08:19:29: 		用户ID: d31bdb13-047a-4ee1-bc9d-8dead72bac41
info: 2025-03-25 08:31:09: 		接收查询参数: {
  "page": 1,
  "pageSize": 10
}
info: 2025-03-25 08:31:09: 		用户ID: d31bdb13-047a-4ee1-bc9d-8dead72bac41
info: 2025-03-25 08:31:09: 		接收查询参数: {
  "page": 1,
  "pageSize": 10
}
info: 2025-03-25 08:31:09: 		用户ID: d31bdb13-047a-4ee1-bc9d-8dead72bac41
